<?xml version="1.0" encoding="UTF-8"?>
<!-- Generated by org.testng.reporters.JUnitReportReporter -->
<testsuite name="Scripts_Test" tests="1" time="29.145" ignored="0" failures="0" timestamp="13 Dec 2016 20:51:36 GMT" skipped="0" hostname="RamiThabet" errors="0">
  <testcase name="script" time="29.145" classname="Scripts_Test"/>
</testsuite> <!-- Scripts_Test -->
